{"numFailedTestSuites":0,"numFailedTests":0,"numPassedTestSuites":1,"numPassedTests":34,"numPendingTestSuites":0,"numPendingTests":0,"numRuntimeErrorTestSuites":0,"numTodoTests":0,"numTotalTestSuites":1,"numTotalTests":34,"openHandles":[],"snapshot":{"added":0,"didUpdate":false,"failure":false,"filesAdded":0,"filesRemoved":0,"filesRemovedList":[],"filesUnmatched":0,"filesUpdated":0,"matched":0,"total":0,"unchecked":0,"uncheckedKeysByFile":[],"unmatched":0,"updated":0},"startTime":1758444270491,"success":true,"testResults":[{"assertionResults":[{"ancestorTitles":["Data clumps detection scenarios"],"failureMessages":[],"fullName":"Data clumps detection scenarios TypeScript parameter-parameter data clump with variable order (tests/data-clumps/test-cases/parameter-parameter/variable-order/positive/typescript)","location":null,"status":"passed","title":"TypeScript parameter-parameter data clump with variable order (tests/data-clumps/test-cases/parameter-parameter/variable-order/positive/typescript)"},{"ancestorTitles":["Data clumps detection scenarios"],"failureMessages":[],"fullName":"Data clumps detection scenarios Java parameter-parameter data clump with variable order (tests/data-clumps/test-cases/parameter-parameter/variable-order/positive/java)","location":null,"status":"passed","title":"Java parameter-parameter data clump with variable order (tests/data-clumps/test-cases/parameter-parameter/variable-order/positive/java)"},{"ancestorTitles":["Data clumps detection scenarios"],"failureMessages":[],"fullName":"Data clumps detection scenarios TypeScript parameter-parameter data clump with non-primitive datatypes (tests/data-clumps/test-cases/parameter-parameter/simple-non-primitive-datatypes/positive/typescript)","location":null,"status":"passed","title":"TypeScript parameter-parameter data clump with non-primitive datatypes (tests/data-clumps/test-cases/parameter-parameter/simple-non-primitive-datatypes/positive/typescript)"},{"ancestorTitles":["Data clumps detection scenarios"],"failureMessages":[],"fullName":"Data clumps detection scenarios Java parameter-parameter data clump with non-primitive datatypes (tests/data-clumps/test-cases/parameter-parameter/simple-non-primitive-datatypes/positive/java)","location":null,"status":"passed","title":"Java parameter-parameter data clump with non-primitive datatypes (tests/data-clumps/test-cases/parameter-parameter/simple-non-primitive-datatypes/positive/java)"},{"ancestorTitles":["Data clumps detection scenarios"],"failureMessages":[],"fullName":"Data clumps detection scenarios TypeScript parameter-parameter data clump between scheduler and billing (tests/data-clumps/test-cases/parameter-parameter/simple/positive/typescript)","location":null,"status":"passed","title":"TypeScript parameter-parameter data clump between scheduler and billing (tests/data-clumps/test-cases/parameter-parameter/simple/positive/typescript)"},{"ancestorTitles":["Data clumps detection scenarios"],"failureMessages":[],"fullName":"Data clumps detection scenarios Java parameter-parameter data clump between scheduler and billing (tests/data-clumps/test-cases/parameter-parameter/simple/positive/java)","location":null,"status":"passed","title":"Java parameter-parameter data clump between scheduler and billing (tests/data-clumps/test-cases/parameter-parameter/simple/positive/java)"},{"ancestorTitles":["Data clumps detection scenarios"],"failureMessages":[],"fullName":"Data clumps detection scenarios TypeScript parameter-parameter without enough shared parameters (tests/data-clumps/test-cases/parameter-parameter/simple/negative/typescript)","location":null,"status":"passed","title":"TypeScript parameter-parameter without enough shared parameters (tests/data-clumps/test-cases/parameter-parameter/simple/negative/typescript)"},{"ancestorTitles":["Data clumps detection scenarios"],"failureMessages":[],"fullName":"Data clumps detection scenarios Java parameter-parameter without enough shared parameters (tests/data-clumps/test-cases/parameter-parameter/simple/negative/java)","location":null,"status":"passed","title":"Java parameter-parameter without enough shared parameters (tests/data-clumps/test-cases/parameter-parameter/simple/negative/java)"},{"ancestorTitles":["Data clumps detection scenarios"],"failureMessages":[],"fullName":"Data clumps detection scenarios TypeScript parameter-parameter data clump between unrelated interfaces (tests/data-clumps/test-cases/parameter-parameter/interfaces/positive/typescript)","location":null,"status":"passed","title":"TypeScript parameter-parameter data clump between unrelated interfaces (tests/data-clumps/test-cases/parameter-parameter/interfaces/positive/typescript)"},{"ancestorTitles":["Data clumps detection scenarios"],"failureMessages":[],"fullName":"Data clumps detection scenarios Java parameter-parameter data clump between unrelated interfaces (tests/data-clumps/test-cases/parameter-parameter/interfaces/positive/java)","location":null,"status":"passed","title":"Java parameter-parameter data clump between unrelated interfaces (tests/data-clumps/test-cases/parameter-parameter/interfaces/positive/java)"},{"ancestorTitles":["Data clumps detection scenarios"],"failureMessages":[],"fullName":"Data clumps detection scenarios TypeScript parameter-parameter interfaces without enough shared parameters (tests/data-clumps/test-cases/parameter-parameter/interfaces/negative/typescript)","location":null,"status":"passed","title":"TypeScript parameter-parameter interfaces without enough shared parameters (tests/data-clumps/test-cases/parameter-parameter/interfaces/negative/typescript)"},{"ancestorTitles":["Data clumps detection scenarios"],"failureMessages":[],"fullName":"Data clumps detection scenarios Java parameter-parameter interfaces without enough shared parameters (tests/data-clumps/test-cases/parameter-parameter/interfaces/negative/java)","location":null,"status":"passed","title":"Java parameter-parameter interfaces without enough shared parameters (tests/data-clumps/test-cases/parameter-parameter/interfaces/negative/java)"},{"ancestorTitles":["Data clumps detection scenarios"],"failureMessages":[],"fullName":"Data clumps detection scenarios TypeScript parameter-field data clump with variable order (tests/data-clumps/test-cases/parameter-field/variable-order/positive/typescript)","location":null,"status":"passed","title":"TypeScript parameter-field data clump with variable order (tests/data-clumps/test-cases/parameter-field/variable-order/positive/typescript)"},{"ancestorTitles":["Data clumps detection scenarios"],"failureMessages":[],"fullName":"Data clumps detection scenarios Java parameter-field data clump with variable order (tests/data-clumps/test-cases/parameter-field/variable-order/positive/java)","location":null,"status":"passed","title":"Java parameter-field data clump with variable order (tests/data-clumps/test-cases/parameter-field/variable-order/positive/java)"},{"ancestorTitles":["Data clumps detection scenarios"],"failureMessages":[],"fullName":"Data clumps detection scenarios TypeScript parameter-field data clump with non-primitive datatypes (tests/data-clumps/test-cases/parameter-field/simple-non-primitive-datatypes/positive/typescript)","location":null,"status":"passed","title":"TypeScript parameter-field data clump with non-primitive datatypes (tests/data-clumps/test-cases/parameter-field/simple-non-primitive-datatypes/positive/typescript)"},{"ancestorTitles":["Data clumps detection scenarios"],"failureMessages":[],"fullName":"Data clumps detection scenarios Java parameter-field data clump with non-primitive datatypes (tests/data-clumps/test-cases/parameter-field/simple-non-primitive-datatypes/positive/java)","location":null,"status":"passed","title":"Java parameter-field data clump with non-primitive datatypes (tests/data-clumps/test-cases/parameter-field/simple-non-primitive-datatypes/positive/java)"},{"ancestorTitles":["Data clumps detection scenarios"],"failureMessages":[],"fullName":"Data clumps detection scenarios TypeScript parameter-field data clump between service and patient (tests/data-clumps/test-cases/parameter-field/simple/positive/typescript)","location":null,"status":"passed","title":"TypeScript parameter-field data clump between service and patient (tests/data-clumps/test-cases/parameter-field/simple/positive/typescript)"},{"ancestorTitles":["Data clumps detection scenarios"],"failureMessages":[],"fullName":"Data clumps detection scenarios Java parameter-field data clump between service and patient (tests/data-clumps/test-cases/parameter-field/simple/positive/java)","location":null,"status":"passed","title":"Java parameter-field data clump between service and patient (tests/data-clumps/test-cases/parameter-field/simple/positive/java)"},{"ancestorTitles":["Data clumps detection scenarios"],"failureMessages":[],"fullName":"Data clumps detection scenarios TypeScript parameter-field without enough shared values (tests/data-clumps/test-cases/parameter-field/simple/negative/typescript)","location":null,"status":"passed","title":"TypeScript parameter-field without enough shared values (tests/data-clumps/test-cases/parameter-field/simple/negative/typescript)"},{"ancestorTitles":["Data clumps detection scenarios"],"failureMessages":[],"fullName":"Data clumps detection scenarios Java parameter-field without enough shared values (tests/data-clumps/test-cases/parameter-field/simple/negative/java)","location":null,"status":"passed","title":"Java parameter-field without enough shared values (tests/data-clumps/test-cases/parameter-field/simple/negative/java)"},{"ancestorTitles":["Data clumps detection scenarios"],"failureMessages":[],"fullName":"Data clumps detection scenarios TypeScript field-field data clump with variable order (tests/data-clumps/test-cases/field-field/variable-order/positive/typescript)","location":null,"status":"passed","title":"TypeScript field-field data clump with variable order (tests/data-clumps/test-cases/field-field/variable-order/positive/typescript)"},{"ancestorTitles":["Data clumps detection scenarios"],"failureMessages":[],"fullName":"Data clumps detection scenarios Java field-field data clump with variable order (tests/data-clumps/test-cases/field-field/variable-order/positive/java)","location":null,"status":"passed","title":"Java field-field data clump with variable order (tests/data-clumps/test-cases/field-field/variable-order/positive/java)"},{"ancestorTitles":["Data clumps detection scenarios"],"failureMessages":[],"fullName":"Data clumps detection scenarios Java no field-field data clump with different types but same type name (tests/data-clumps/test-cases/field-field/todo-different-types-same-type-name/positive/java)","location":null,"status":"passed","title":"Java no field-field data clump with different types but same type name (tests/data-clumps/test-cases/field-field/todo-different-types-same-type-name/positive/java)"},{"ancestorTitles":["Data clumps detection scenarios"],"failureMessages":[],"fullName":"Data clumps detection scenarios Java no field-field data clump with different types but same type name (tests/data-clumps/test-cases/field-field/todo-different-types-same-type-name/negative/java)","location":null,"status":"passed","title":"Java no field-field data clump with different types but same type name (tests/data-clumps/test-cases/field-field/todo-different-types-same-type-name/negative/java)"},{"ancestorTitles":["Data clumps detection scenarios"],"failureMessages":[],"fullName":"Data clumps detection scenarios TypeScript field-field data clump with non-primitive datatypes (tests/data-clumps/test-cases/field-field/simple-non-primitive-datatypes/positive/typescript)","location":null,"status":"passed","title":"TypeScript field-field data clump with non-primitive datatypes (tests/data-clumps/test-cases/field-field/simple-non-primitive-datatypes/positive/typescript)"},{"ancestorTitles":["Data clumps detection scenarios"],"failureMessages":[],"fullName":"Data clumps detection scenarios Java field-field data clump with non-primitive datatypes (tests/data-clumps/test-cases/field-field/simple-non-primitive-datatypes/positive/java)","location":null,"status":"passed","title":"Java field-field data clump with non-primitive datatypes (tests/data-clumps/test-cases/field-field/simple-non-primitive-datatypes/positive/java)"},{"ancestorTitles":["Data clumps detection scenarios"],"failureMessages":[],"fullName":"Data clumps detection scenarios TypeScript field-field data clump between Patient and Doctor (tests/data-clumps/test-cases/field-field/simple/positive/typescript)","location":null,"status":"passed","title":"TypeScript field-field data clump between Patient and Doctor (tests/data-clumps/test-cases/field-field/simple/positive/typescript)"},{"ancestorTitles":["Data clumps detection scenarios"],"failureMessages":[],"fullName":"Data clumps detection scenarios Java field-field data clump between Patient and Doctor (tests/data-clumps/test-cases/field-field/simple/positive/java)","location":null,"status":"passed","title":"Java field-field data clump between Patient and Doctor (tests/data-clumps/test-cases/field-field/simple/positive/java)"},{"ancestorTitles":["Data clumps detection scenarios"],"failureMessages":[],"fullName":"Data clumps detection scenarios TypeScript field-field without enough shared fields (tests/data-clumps/test-cases/field-field/simple/negative/typescript)","location":null,"status":"passed","title":"TypeScript field-field without enough shared fields (tests/data-clumps/test-cases/field-field/simple/negative/typescript)"},{"ancestorTitles":["Data clumps detection scenarios"],"failureMessages":[],"fullName":"Data clumps detection scenarios Java field-field without enough shared fields (tests/data-clumps/test-cases/field-field/simple/negative/java)","location":null,"status":"passed","title":"Java field-field without enough shared fields (tests/data-clumps/test-cases/field-field/simple/negative/java)"},{"ancestorTitles":["Data clumps detection scenarios"],"failureMessages":[],"fullName":"Data clumps detection scenarios TypeScript field-field data clump multiple classes in one file (tests/data-clumps/test-cases/field-field/multiple-classes-in-one-file/positive/typescript)","location":null,"status":"passed","title":"TypeScript field-field data clump multiple classes in one file (tests/data-clumps/test-cases/field-field/multiple-classes-in-one-file/positive/typescript)"},{"ancestorTitles":["Data clumps detection scenarios"],"failureMessages":[],"fullName":"Data clumps detection scenarios Java field-field data clump multiple classes in one file (tests/data-clumps/test-cases/field-field/multiple-classes-in-one-file/positive/java)","location":null,"status":"passed","title":"Java field-field data clump multiple classes in one file (tests/data-clumps/test-cases/field-field/multiple-classes-in-one-file/positive/java)"},{"ancestorTitles":["Data clumps detection scenarios"],"failureMessages":[],"fullName":"Data clumps detection scenarios Java field-field data clump with inner class Patient and Doctor (tests/data-clumps/test-cases/field-field/innerclass/positive/java)","location":null,"status":"passed","title":"Java field-field data clump with inner class Patient and Doctor (tests/data-clumps/test-cases/field-field/innerclass/positive/java)"},{"ancestorTitles":["Data clumps detection scenarios"],"failureMessages":[],"fullName":"Data clumps detection scenarios Java field-field data clump with inner class Patient and Doctor (tests/data-clumps/test-cases/field-field/innerclass/negative/java)","location":null,"status":"passed","title":"Java field-field data clump with inner class Patient and Doctor (tests/data-clumps/test-cases/field-field/innerclass/negative/java)"}],"endTime":1758444306239,"message":"","name":"/home/runner/work/data-clumps-doctor/data-clumps-doctor/build/tests/DataClumpsDetectionTest.js","startTime":1758444270512,"status":"passed","summary":""}],"wasInterrupted":false}