{"numFailedTestSuites":0,"numFailedTests":0,"numPassedTestSuites":1,"numPassedTests":12,"numPendingTestSuites":0,"numPendingTests":0,"numRuntimeErrorTestSuites":0,"numTodoTests":0,"numTotalTestSuites":1,"numTotalTests":12,"openHandles":[],"snapshot":{"added":0,"didUpdate":false,"failure":false,"filesAdded":0,"filesRemoved":0,"filesRemovedList":[],"filesUnmatched":0,"filesUpdated":0,"matched":0,"total":0,"unchecked":0,"uncheckedKeysByFile":[],"unmatched":0,"updated":0},"startTime":1758354298273,"success":true,"testResults":[{"assertionResults":[{"ancestorTitles":["Data clumps detection scenarios"],"failureMessages":[],"fullName":"Data clumps detection scenarios TypeScript parameter-parameter data clump between scheduler and billing","location":null,"status":"passed","title":"TypeScript parameter-parameter data clump between scheduler and billing"},{"ancestorTitles":["Data clumps detection scenarios"],"failureMessages":[],"fullName":"Data clumps detection scenarios Java parameter-parameter data clump between scheduler and billing","location":null,"status":"passed","title":"Java parameter-parameter data clump between scheduler and billing"},{"ancestorTitles":["Data clumps detection scenarios"],"failureMessages":[],"fullName":"Data clumps detection scenarios TypeScript parameter-parameter without enough shared parameters","location":null,"status":"passed","title":"TypeScript parameter-parameter without enough shared parameters"},{"ancestorTitles":["Data clumps detection scenarios"],"failureMessages":[],"fullName":"Data clumps detection scenarios Java parameter-parameter without enough shared parameters","location":null,"status":"passed","title":"Java parameter-parameter without enough shared parameters"},{"ancestorTitles":["Data clumps detection scenarios"],"failureMessages":[],"fullName":"Data clumps detection scenarios TypeScript parameter-field data clump between service and patient","location":null,"status":"passed","title":"TypeScript parameter-field data clump between service and patient"},{"ancestorTitles":["Data clumps detection scenarios"],"failureMessages":[],"fullName":"Data clumps detection scenarios Java parameter-field data clump between service and patient","location":null,"status":"passed","title":"Java parameter-field data clump between service and patient"},{"ancestorTitles":["Data clumps detection scenarios"],"failureMessages":[],"fullName":"Data clumps detection scenarios TypeScript parameter-field without enough shared values","location":null,"status":"passed","title":"TypeScript parameter-field without enough shared values"},{"ancestorTitles":["Data clumps detection scenarios"],"failureMessages":[],"fullName":"Data clumps detection scenarios Java parameter-field without enough shared values","location":null,"status":"passed","title":"Java parameter-field without enough shared values"},{"ancestorTitles":["Data clumps detection scenarios"],"failureMessages":[],"fullName":"Data clumps detection scenarios TypeScript field-field data clump between Patient and Doctor","location":null,"status":"passed","title":"TypeScript field-field data clump between Patient and Doctor"},{"ancestorTitles":["Data clumps detection scenarios"],"failureMessages":[],"fullName":"Data clumps detection scenarios Java field-field data clump between Patient and Doctor","location":null,"status":"passed","title":"Java field-field data clump between Patient and Doctor"},{"ancestorTitles":["Data clumps detection scenarios"],"failureMessages":[],"fullName":"Data clumps detection scenarios TypeScript field-field without enough shared fields","location":null,"status":"passed","title":"TypeScript field-field without enough shared fields"},{"ancestorTitles":["Data clumps detection scenarios"],"failureMessages":[],"fullName":"Data clumps detection scenarios Java field-field without enough shared fields","location":null,"status":"passed","title":"Java field-field without enough shared fields"}],"endTime":1758354314257,"message":"","name":"/home/runner/work/data-clumps-doctor/data-clumps-doctor/build/tests/DataClumpsDetectionTest.js","startTime":1758354298295,"status":"passed","summary":""}],"wasInterrupted":false}